# JRE version: OpenJDK Runtime Environment GraalVM CE 22.3.0 (17.0.5+8) (build 17.0.5+8-jvmci-22.3-b08)
# Java VM: OpenJDK 64-Bit Server VM GraalVM CE 22.3.0 (17.0.5+8-jvmci-22.3-b08, mixed mode, sharing, tiered, jvmci, jvmci compiler, compressed oops, compressed class ptrs, parallel gc, linux-amd64)
GC Precious Log:
 CPUs: 8 total, 1 available
 Memory: 1024M
 Large Page Support: Disabled
 NUMA Support: Disabled
 Compressed Oops: Enabled (32-bit)
 Alignments: Space 512K, Generation 512K, Heap 2M
 Heap Min Capacity: 100M
 Heap Initial Capacity: 100M
 Heap Max Capacity: 512M
 Pre-touch: Disabled
 Parallel Workers: 1
Heap:
 PSYoungGen      total 46080K, used 33280K [0x00000000f5580000, 0x00000000f9000000, 0x0000000100000000)
  eden space 33280K, 100% used [0x00000000f5580000,0x00000000f7600000,0x00000000f7600000)
  from space 12800K, 0% used [0x00000000f7a00000,0x00000000f7a00000,0x00000000f8680000)
  to   space 7168K, 0% used [0x00000000f8900000,0x00000000f8900000,0x00000000f9000000)
 ParOldGen       total 349696K, used 349695K [0x00000000e0000000, 0x00000000f5580000, 0x00000000f5580000)
  object space 349696K, 99% used [0x00000000e0000000,0x00000000f557fff8,0x00000000f5580000)
 Metaspace       used 50364K, committed 51456K, reserved 1097728K
  class space    used 5010K, committed 5440K, reserved 1048576K
GC Heap History (20 events):
Event: 1296.348 GC heap before
{Heap before GC invocations=827 (full 730):
 PSYoungGen      total 46080K, used 33280K [0x00000000f5580000, 0x00000000f9000000, 0x0000000100000000)
  eden space 33280K, 100% used [0x00000000f5580000,0x00000000f7600000,0x00000000f7600000)
  from space 12800K, 0% used [0x00000000f7a00000,0x00000000f7a00000,0x00000000f8680000)
  to   space 7168K, 0% used [0x00000000f8900000,0x00000000f8900000,0x00000000f9000000)
 ParOldGen       total 349696K, used 349687K [0x00000000e0000000, 0x00000000f5580000, 0x00000000f5580000)
  object space 349696K, 99% used [0x00000000e0000000,0x00000000f557dcf8,0x00000000f5580000)
 Metaspace       used 50363K, committed 51456K, reserved 1097728K
  class space    used 5010K, committed 5440K, reserved 1048576K
}
Event: 1297.638 GC heap after
{Heap after GC invocations=827 (full 730):
 PSYoungGen      total 40448K, used 33279K [0x00000000f5580000, 0x00000000f9000000, 0x0000000100000000)
  eden space 33280K, 99% used [0x00000000f5580000,0x00000000f75ffff0,0x00000000f7600000)
  from space 7168K, 0% used [0x00000000f8900000,0x00000000f8900000,0x00000000f9000000)
  to   space 12800K, 0% used [0x00000000f7a00000,0x00000000f7a00000,0x00000000f8680000)
 ParOldGen       total 349696K, used 349687K [0x00000000e0000000, 0x00000000f5580000, 0x00000000f5580000)
  object space 349696K, 99% used [0x00000000e0000000,0x00000000f557dcf8,0x00000000f5580000)
 Metaspace       used 50363K, committed 51456K, reserved 1097728K
  class space    used 5010K, committed 5440K, reserved 1048576K
}
Event: 1297.639 GC heap before
{Heap before GC invocations=828 (full 731):
 PSYoungGen      total 40448K, used 33280K [0x00000000f5580000, 0x00000000f9000000, 0x0000000100000000)
  eden space 33280K, 100% used [0x00000000f5580000,0x00000000f7600000,0x00000000f7600000)
  from space 7168K, 0% used [0x00000000f8900000,0x00000000f8900000,0x00000000f9000000)
  to   space 12800K, 0% used [0x00000000f7a00000,0x00000000f7a00000,0x00000000f8680000)
 ParOldGen       total 349696K, used 349689K [0x00000000e0000000, 0x00000000f5580000, 0x00000000f5580000)
  object space 349696K, 99% used [0x00000000e0000000,0x00000000f557e678,0x00000000f5580000)
 Metaspace       used 50364K, committed 51456K, reserved 1097728K
  class space    used 5010K, committed 5440K, reserved 1048576K
}
Event: 1298.740 GC heap after
{Heap after GC invocations=828 (full 731):
 PSYoungGen      total 46080K, used 33279K [0x00000000f5580000, 0x00000000f9000000, 0x0000000100000000)
  eden space 33280K, 99% used [0x00000000f5580000,0x00000000f75ffee0,0x00000000f7600000)
  from space 12800K, 0% used [0x00000000f7a00000,0x00000000f7a00000,0x00000000f8680000)
  to   space 7168K, 0% used [0x00000000f8900000,0x00000000f8900000,0x00000000f9000000)
 ParOldGen       total 349696K, used 349688K [0x00000000e0000000, 0x00000000f5580000, 0x00000000f5580000)
  object space 349696K, 99% used [0x00000000e0000000,0x00000000f557e2a8,0x00000000f5580000)
 Metaspace       used 50364K, committed 51456K, reserved 1097728K
  class space    used 5010K, committed 5440K, reserved 1048576K
}
Event: 1298.741 GC heap before
{Heap before GC invocations=829 (full 732):
 PSYoungGen      total 46080K, used 33279K [0x00000000f5580000, 0x00000000f9000000, 0x0000000100000000)
  eden space 33280K, 99% used [0x00000000f5580000,0x00000000f75ffff0,0x00000000f7600000)
  from space 12800K, 0% used [0x00000000f7a00000,0x00000000f7a00000,0x00000000f8680000)
  to   space 7168K, 0% used [0x00000000f8900000,0x00000000f8900000,0x00000000f9000000)
 ParOldGen       total 349696K, used 349688K [0x00000000e0000000, 0x00000000f5580000, 0x00000000f5580000)
  object space 349696K, 99% used [0x00000000e0000000,0x00000000f557e2a8,0x00000000f5580000)
 Metaspace       used 50364K, committed 51456K, reserved 1097728K
  class space    used 5010K, committed 5440K, reserved 1048576K
}
Event: 1300.109 GC heap after
{Heap after GC invocations=829 (full 732):
 PSYoungGen      total 40448K, used 33279K [0x00000000f5580000, 0x00000000f9000000, 0x0000000100000000)
  eden space 33280K, 99% used [0x00000000f5580000,0x00000000f75fff60,0x00000000f7600000)
  from space 7168K, 0% used [0x00000000f8900000,0x00000000f8900000,0x00000000f9000000)
  to   space 12800K, 0% used [0x00000000f7a00000,0x00000000f7a00000,0x00000000f8680000)
 ParOldGen       total 349696K, used 349688K [0x00000000e0000000, 0x00000000f5580000, 0x00000000f5580000)
  object space 349696K, 99% used [0x00000000e0000000,0x00000000f557e288,0x00000000f5580000)
 Metaspace       used 50364K, committed 51456K, reserved 1097728K
  class space    used 5010K, committed 5440K, reserved 1048576K
}
Event: 1300.109 GC heap before
{Heap before GC invocations=830 (full 733):
 PSYoungGen      total 40448K, used 33280K [0x00000000f5580000, 0x00000000f9000000, 0x0000000100000000)
  eden space 33280K, 100% used [0x00000000f5580000,0x00000000f7600000,0x00000000f7600000)
  from space 7168K, 0% used [0x00000000f8900000,0x00000000f8900000,0x00000000f9000000)
  to   space 12800K, 0% used [0x00000000f7a00000,0x00000000f7a00000,0x00000000f8680000)
 ParOldGen       total 349696K, used 349688K [0x00000000e0000000, 0x00000000f5580000, 0x00000000f5580000)
  object space 349696K, 99% used [0x00000000e0000000,0x00000000f557e288,0x00000000f5580000)
 Metaspace       used 50364K, committed 51456K, reserved 1097728K
  class space    used 5010K, committed 5440K, reserved 1048576K
}
Event: 1301.344 GC heap after
{Heap after GC invocations=830 (full 733):
 PSYoungGen      total 46080K, used 33279K [0x00000000f5580000, 0x00000000f9000000, 0x0000000100000000)
  eden space 33280K, 99% used [0x00000000f5580000,0x00000000f75fffb0,0x00000000f7600000)
  from space 12800K, 0% used [0x00000000f7a00000,0x00000000f7a00000,0x00000000f8680000)
  to   space 7168K, 0% used [0x00000000f8900000,0x00000000f8900000,0x00000000f9000000)
 ParOldGen       total 349696K, used 349688K [0x00000000e0000000, 0x00000000f5580000, 0x00000000f5580000)
  object space 349696K, 99% used [0x00000000e0000000,0x00000000f557e288,0x00000000f5580000)
 Metaspace       used 50364K, committed 51456K, reserved 1097728K
  class space    used 5010K, committed 5440K, reserved 1048576K
}
Event: 1301.344 GC heap before
{Heap before GC invocations=831 (full 734):
 PSYoungGen      total 46080K, used 33280K [0x00000000f5580000, 0x00000000f9000000, 0x0000000100000000)
  eden space 33280K, 100% used [0x00000000f5580000,0x00000000f7600000,0x00000000f7600000)
  from space 12800K, 0% used [0x00000000f7a00000,0x00000000f7a00000,0x00000000f8680000)
  to   space 7168K, 0% used [0x00000000f8900000,0x00000000f8900000,0x00000000f9000000)
 ParOldGen       total 349696K, used 349693K [0x00000000e0000000, 0x00000000f5580000, 0x00000000f5580000)
  object space 349696K, 99% used [0x00000000e0000000,0x00000000f557f6a8,0x00000000f5580000)
 Metaspace       used 50364K, committed 51456K, reserved 1097728K
  class space    used 5010K, committed 5440K, reserved 1048576K
}
Event: 1302.926 GC heap after
{Heap after GC invocations=831 (full 734):
 PSYoungGen      total 40448K, used 33279K [0x00000000f5580000, 0x00000000f9000000, 0x0000000100000000)
  eden space 33280K, 99% used [0x00000000f5580000,0x00000000f75ffef8,0x00000000f7600000)
  from space 7168K, 0% used [0x00000000f8900000,0x00000000f8900000,0x00000000f9000000)
  to   space 12800K, 0% used [0x00000000f7a00000,0x00000000f7a00000,0x00000000f8680000)
 ParOldGen       total 349696K, used 349691K [0x00000000e0000000, 0x00000000f5580000, 0x00000000f5580000)
  object space 349696K, 99% used [0x00000000e0000000,0x00000000f557ed60,0x00000000f5580000)
 Metaspace       used 50364K, committed 51456K, reserved 1097728K
  class space    used 5010K, committed 5440K, reserved 1048576K
}
Event: 1302.927 GC heap before
{Heap before GC invocations=832 (full 735):
 PSYoungGen      total 40448K, used 33280K [0x00000000f5580000, 0x00000000f9000000, 0x0000000100000000)
  eden space 33280K, 100% used [0x00000000f5580000,0x00000000f7600000,0x00000000f7600000)
  from space 7168K, 0% used [0x00000000f8900000,0x00000000f8900000,0x00000000f9000000)
  to   space 12800K, 0% used [0x00000000f7a00000,0x00000000f7a00000,0x00000000f8680000)
 ParOldGen       total 349696K, used 349694K [0x00000000e0000000, 0x00000000f5580000, 0x00000000f5580000)
  object space 349696K, 99% used [0x00000000e0000000,0x00000000f557f950,0x00000000f5580000)
 Metaspace       used 50364K, committed 51456K, reserved 1097728K
  class space    used 5010K, committed 5440K, reserved 1048576K
}
Event: 1304.420 GC heap after
{Heap after GC invocations=832 (full 735):
 PSYoungGen      total 46080K, used 33279K [0x00000000f5580000, 0x00000000f9000000, 0x0000000100000000)
  eden space 33280K, 99% used [0x00000000f5580000,0x00000000f75fffc8,0x00000000f7600000)
  from space 12800K, 0% used [0x00000000f7a00000,0x00000000f7a00000,0x00000000f8680000)
  to   space 7168K, 0% used [0x00000000f8900000,0x00000000f8900000,0x00000000f9000000)
 ParOldGen       total 349696K, used 349694K [0x00000000e0000000, 0x00000000f5580000, 0x00000000f5580000)
  object space 349696K, 99% used [0x00000000e0000000,0x00000000f557f908,0x00000000f5580000)
 Metaspace       used 50364K, committed 51456K, reserved 1097728K
  class space    used 5010K, committed 5440K, reserved 1048576K
}
Event: 1304.421 GC heap before
{Heap before GC invocations=833 (full 736):
 PSYoungGen      total 46080K, used 33279K [0x00000000f5580000, 0x00000000f9000000, 0x0000000100000000)
  eden space 33280K, 99% used [0x00000000f5580000,0x00000000f75ffff8,0x00000000f7600000)
  from space 12800K, 0% used [0x00000000f7a00000,0x00000000f7a00000,0x00000000f8680000)
  to   space 7168K, 0% used [0x00000000f8900000,0x00000000f8900000,0x00000000f9000000)
 ParOldGen       total 349696K, used 349695K [0x00000000e0000000, 0x00000000f5580000, 0x00000000f5580000)
  object space 349696K, 99% used [0x00000000e0000000,0x00000000f557ff90,0x00000000f5580000)
 Metaspace       used 50364K, committed 51456K, reserved 1097728K
  class space    used 5010K, committed 5440K, reserved 1048576K
}
Event: 1305.852 GC heap after
{Heap after GC invocations=833 (full 736):
 PSYoungGen      total 40448K, used 33279K [0x00000000f5580000, 0x00000000f9000000, 0x0000000100000000)
  eden space 33280K, 99% used [0x00000000f5580000,0x00000000f75fffc8,0x00000000f7600000)
  from space 7168K, 0% used [0x00000000f8900000,0x00000000f8900000,0x00000000f9000000)
  to   space 12800K, 0% used [0x00000000f7a00000,0x00000000f7a00000,0x00000000f8680000)
 ParOldGen       total 349696K, used 349695K [0x00000000e0000000, 0x00000000f5580000, 0x00000000f5580000)
  object space 349696K, 99% used [0x00000000e0000000,0x00000000f557fcb0,0x00000000f5580000)
 Metaspace       used 50364K, committed 51456K, reserved 1097728K
  class space    used 5010K, committed 5440K, reserved 1048576K
}
Event: 1305.852 GC heap before
{Heap before GC invocations=834 (full 737):
 PSYoungGen      total 40448K, used 33280K [0x00000000f5580000, 0x00000000f9000000, 0x0000000100000000)
  eden space 33280K, 100% used [0x00000000f5580000,0x00000000f7600000,0x00000000f7600000)
  from space 7168K, 0% used [0x00000000f8900000,0x00000000f8900000,0x00000000f9000000)
  to   space 12800K, 0% used [0x00000000f7a00000,0x00000000f7a00000,0x00000000f8680000)
 ParOldGen       total 349696K, used 349696K [0x00000000e0000000, 0x00000000f5580000, 0x00000000f5580000)
  object space 349696K, 100% used [0x00000000e0000000,0x00000000f5580000,0x00000000f5580000)
 Metaspace       used 50364K, committed 51456K, reserved 1097728K
  class space    used 5010K, committed 5440K, reserved 1048576K
}
Event: 1307.341 GC heap after
{Heap after GC invocations=834 (full 737):
 PSYoungGen      total 46080K, used 33279K [0x00000000f5580000, 0x00000000f9000000, 0x0000000100000000)
  eden space 33280K, 99% used [0x00000000f5580000,0x00000000f75fffe0,0x00000000f7600000)
  from space 12800K, 0% used [0x00000000f7a00000,0x00000000f7a00000,0x00000000f8680000)
  to   space 7168K, 0% used [0x00000000f8900000,0x00000000f8900000,0x00000000f9000000)
 ParOldGen       total 349696K, used 349695K [0x00000000e0000000, 0x00000000f5580000, 0x00000000f5580000)
  object space 349696K, 99% used [0x00000000e0000000,0x00000000f557fd20,0x00000000f5580000)
 Metaspace       used 50364K, committed 51456K, reserved 1097728K
  class space    used 5010K, committed 5440K, reserved 1048576K
}
Event: 1307.341 GC heap before
{Heap before GC invocations=835 (full 738):
 PSYoungGen      total 46080K, used 33280K [0x00000000f5580000, 0x00000000f9000000, 0x0000000100000000)
  eden space 33280K, 100% used [0x00000000f5580000,0x00000000f7600000,0x00000000f7600000)
  from space 12800K, 0% used [0x00000000f7a00000,0x00000000f7a00000,0x00000000f8680000)
  to   space 7168K, 0% used [0x00000000f8900000,0x00000000f8900000,0x00000000f9000000)
 ParOldGen       total 349696K, used 349695K [0x00000000e0000000, 0x00000000f5580000, 0x00000000f5580000)
  object space 349696K, 99% used [0x00000000e0000000,0x00000000f557fd20,0x00000000f5580000)
 Metaspace       used 50364K, committed 51456K, reserved 1097728K
  class space    used 5010K, committed 5440K, reserved 1048576K
}
Event: 1308.829 GC heap after
{Heap after GC invocations=835 (full 738):
 PSYoungGen      total 40448K, used 33279K [0x00000000f5580000, 0x00000000f9000000, 0x0000000100000000)
  eden space 33280K, 99% used [0x00000000f5580000,0x00000000f75fffc0,0x00000000f7600000)
  from space 7168K, 0% used [0x00000000f8900000,0x00000000f8900000,0x00000000f9000000)
  to   space 12800K, 0% used [0x00000000f7a00000,0x00000000f7a00000,0x00000000f8680000)
 ParOldGen       total 349696K, used 349695K [0x00000000e0000000, 0x00000000f5580000, 0x00000000f5580000)
  object space 349696K, 99% used [0x00000000e0000000,0x00000000f557fd20,0x00000000f5580000)
 Metaspace       used 50364K, committed 51456K, reserved 1097728K
  class space    used 5010K, committed 5440K, reserved 1048576K
}
Event: 1308.829 GC heap before
{Heap before GC invocations=836 (full 739):
 PSYoungGen      total 40448K, used 33279K [0x00000000f5580000, 0x00000000f9000000, 0x0000000100000000)
  eden space 33280K, 99% used [0x00000000f5580000,0x00000000f75fffc0,0x00000000f7600000)
  from space 7168K, 0% used [0x00000000f8900000,0x00000000f8900000,0x00000000f9000000)
  to   space 12800K, 0% used [0x00000000f7a00000,0x00000000f7a00000,0x00000000f8680000)
 ParOldGen       total 349696K, used 349695K [0x00000000e0000000, 0x00000000f5580000, 0x00000000f5580000)
  object space 349696K, 99% used [0x00000000e0000000,0x00000000f557fd20,0x00000000f5580000)
 Metaspace       used 50364K, committed 51456K, reserved 1097728K
  class space    used 5010K, committed 5440K, reserved 1048576K
}
Event: 1310.152 GC heap after
{Heap after GC invocations=836 (full 739):
 PSYoungGen      total 46080K, used 33279K [0x00000000f5580000, 0x00000000f9000000, 0x0000000100000000)
  eden space 33280K, 99% used [0x00000000f5580000,0x00000000f75fffc0,0x00000000f7600000)
  from space 12800K, 0% used [0x00000000f7a00000,0x00000000f7a00000,0x00000000f8680000)
  to   space 7168K, 0% used [0x00000000f8900000,0x00000000f8900000,0x00000000f9000000)
 ParOldGen       total 349696K, used 349695K [0x00000000e0000000, 0x00000000f5580000, 0x00000000f5580000)
  object space 349696K, 99% used [0x00000000e0000000,0x00000000f557fc28,0x00000000f5580000)
 Metaspace       used 50364K, committed 51456K, reserved 1097728K
  class space    used 5010K, committed 5440K, reserved 1048576K
}

