# JRE version: OpenJDK Runtime Environment GraalVM CE 22.3.0 (17.0.5+8) (build 17.0.5+8-jvmci-22.3-b08)
# Java VM: OpenJDK 64-Bit Server VM GraalVM CE 22.3.0 (17.0.5+8-jvmci-22.3-b08, mixed mode, sharing, tiered, jvmci, jvmci compiler, compressed oops, compressed class ptrs, parallel gc, linux-amd64)
GC Precious Log:
 CPUs: 8 total, 1 available
 Memory: 1024M
 Large Page Support: Disabled
 NUMA Support: Disabled
 Compressed Oops: Enabled (32-bit)
 Alignments: Space 512K, Generation 512K, Heap 2M
 Heap Min Capacity: 100M
 Heap Initial Capacity: 100M
 Heap Max Capacity: 512M
 Pre-touch: Disabled
 Parallel Workers: 1
Heap:
 PSYoungGen      total 53248K, used 34815K [0x00000000f5580000, 0x00000000f9b00000, 0x0000000100000000)
  eden space 34816K, 99% used [0x00000000f5580000,0x00000000f777fff0,0x00000000f7780000)
  from space 18432K, 0% used [0x00000000f7780000,0x00000000f7780000,0x00000000f8980000)
  to   space 15360K, 0% used [0x00000000f8c00000,0x00000000f8c00000,0x00000000f9b00000)
 ParOldGen       total 349696K, used 349695K [0x00000000e0000000, 0x00000000f5580000, 0x00000000f5580000)
  object space 349696K, 99% used [0x00000000e0000000,0x00000000f557ffe0,0x00000000f5580000)
 Metaspace       used 59579K, committed 60736K, reserved 1105920K
  class space    used 5892K, committed 6400K, reserved 1048576K
GC Heap History (20 events):
Event: 1712.707 GC heap before
{Heap before GC invocations=1171 (full 1080):
 PSYoungGen      total 53248K, used 34816K [0x00000000f5580000, 0x00000000f9b00000, 0x0000000100000000)
  eden space 34816K, 100% used [0x00000000f5580000,0x00000000f7780000,0x00000000f7780000)
  from space 18432K, 0% used [0x00000000f7780000,0x00000000f7780000,0x00000000f8980000)
  to   space 15360K, 0% used [0x00000000f8c00000,0x00000000f8c00000,0x00000000f9b00000)
 ParOldGen       total 349696K, used 349695K [0x00000000e0000000, 0x00000000f5580000, 0x00000000f5580000)
  object space 349696K, 99% used [0x00000000e0000000,0x00000000f557fc08,0x00000000f5580000)
 Metaspace       used 59579K, committed 60736K, reserved 1105920K
  class space    used 5892K, committed 6400K, reserved 1048576K
}
Event: 1714.003 GC heap after
{Heap after GC invocations=1171 (full 1080):
 PSYoungGen      total 50176K, used 34816K [0x00000000f5580000, 0x00000000f9b00000, 0x0000000100000000)
  eden space 34816K, 100% used [0x00000000f5580000,0x00000000f7780000,0x00000000f7780000)
  from space 15360K, 0% used [0x00000000f8c00000,0x00000000f8c00000,0x00000000f9b00000)
  to   space 18432K, 0% used [0x00000000f7780000,0x00000000f7780000,0x00000000f8980000)
 ParOldGen       total 349696K, used 349694K [0x00000000e0000000, 0x00000000f5580000, 0x00000000f5580000)
  object space 349696K, 99% used [0x00000000e0000000,0x00000000f557fa98,0x00000000f5580000)
 Metaspace       used 59579K, committed 60736K, reserved 1105920K
  class space    used 5892K, committed 6400K, reserved 1048576K
}
Event: 1714.003 GC heap before
{Heap before GC invocations=1172 (full 1081):
 PSYoungGen      total 50176K, used 34816K [0x00000000f5580000, 0x00000000f9b00000, 0x0000000100000000)
  eden space 34816K, 100% used [0x00000000f5580000,0x00000000f7780000,0x00000000f7780000)
  from space 15360K, 0% used [0x00000000f8c00000,0x00000000f8c00000,0x00000000f9b00000)
  to   space 18432K, 0% used [0x00000000f7780000,0x00000000f7780000,0x00000000f8980000)
 ParOldGen       total 349696K, used 349695K [0x00000000e0000000, 0x00000000f5580000, 0x00000000f5580000)
  object space 349696K, 99% used [0x00000000e0000000,0x00000000f557ffb0,0x00000000f5580000)
 Metaspace       used 59579K, committed 60736K, reserved 1105920K
  class space    used 5892K, committed 6400K, reserved 1048576K
}
Event: 1715.379 GC heap after
{Heap after GC invocations=1172 (full 1081):
 PSYoungGen      total 53248K, used 34815K [0x00000000f5580000, 0x00000000f9b00000, 0x0000000100000000)
  eden space 34816K, 99% used [0x00000000f5580000,0x00000000f777ff78,0x00000000f7780000)
  from space 18432K, 0% used [0x00000000f7780000,0x00000000f7780000,0x00000000f8980000)
  to   space 15360K, 0% used [0x00000000f8c00000,0x00000000f8c00000,0x00000000f9b00000)
 ParOldGen       total 349696K, used 349695K [0x00000000e0000000, 0x00000000f5580000, 0x00000000f5580000)
  object space 349696K, 99% used [0x00000000e0000000,0x00000000f557fcf8,0x00000000f5580000)
 Metaspace       used 59579K, committed 60736K, reserved 1105920K
  class space    used 5892K, committed 6400K, reserved 1048576K
}
Event: 1715.379 GC heap before
{Heap before GC invocations=1173 (full 1082):
 PSYoungGen      total 53248K, used 34815K [0x00000000f5580000, 0x00000000f9b00000, 0x0000000100000000)
  eden space 34816K, 99% used [0x00000000f5580000,0x00000000f777fff8,0x00000000f7780000)
  from space 18432K, 0% used [0x00000000f7780000,0x00000000f7780000,0x00000000f8980000)
  to   space 15360K, 0% used [0x00000000f8c00000,0x00000000f8c00000,0x00000000f9b00000)
 ParOldGen       total 349696K, used 349695K [0x00000000e0000000, 0x00000000f5580000, 0x00000000f5580000)
  object space 349696K, 99% used [0x00000000e0000000,0x00000000f557fcf8,0x00000000f5580000)
 Metaspace       used 59579K, committed 60736K, reserved 1105920K
  class space    used 5892K, committed 6400K, reserved 1048576K
}
Event: 1716.711 GC heap after
{Heap after GC invocations=1173 (full 1082):
 PSYoungGen      total 50176K, used 34815K [0x00000000f5580000, 0x00000000f9b00000, 0x0000000100000000)
  eden space 34816K, 99% used [0x00000000f5580000,0x00000000f777ffe8,0x00000000f7780000)
  from space 15360K, 0% used [0x00000000f8c00000,0x00000000f8c00000,0x00000000f9b00000)
  to   space 18432K, 0% used [0x00000000f7780000,0x00000000f7780000,0x00000000f8980000)
 ParOldGen       total 349696K, used 349695K [0x00000000e0000000, 0x00000000f5580000, 0x00000000f5580000)
  object space 349696K, 99% used [0x00000000e0000000,0x00000000f557fca0,0x00000000f5580000)
 Metaspace       used 59579K, committed 60736K, reserved 1105920K
  class space    used 5892K, committed 6400K, reserved 1048576K
}
Event: 1716.712 GC heap before
{Heap before GC invocations=1174 (full 1083):
 PSYoungGen      total 50176K, used 34815K [0x00000000f5580000, 0x00000000f9b00000, 0x0000000100000000)
  eden space 34816K, 99% used [0x00000000f5580000,0x00000000f777fff8,0x00000000f7780000)
  from space 15360K, 0% used [0x00000000f8c00000,0x00000000f8c00000,0x00000000f9b00000)
  to   space 18432K, 0% used [0x00000000f7780000,0x00000000f7780000,0x00000000f8980000)
 ParOldGen       total 349696K, used 349695K [0x00000000e0000000, 0x00000000f5580000, 0x00000000f5580000)
  object space 349696K, 99% used [0x00000000e0000000,0x00000000f557ffc0,0x00000000f5580000)
 Metaspace       used 59579K, committed 60736K, reserved 1105920K
  class space    used 5892K, committed 6400K, reserved 1048576K
}
Event: 1718.004 GC heap after
{Heap after GC invocations=1174 (full 1083):
 PSYoungGen      total 53248K, used 34815K [0x00000000f5580000, 0x00000000f9b00000, 0x0000000100000000)
  eden space 34816K, 99% used [0x00000000f5580000,0x00000000f777ff48,0x00000000f7780000)
  from space 18432K, 0% used [0x00000000f7780000,0x00000000f7780000,0x00000000f8980000)
  to   space 15360K, 0% used [0x00000000f8c00000,0x00000000f8c00000,0x00000000f9b00000)
 ParOldGen       total 349696K, used 349694K [0x00000000e0000000, 0x00000000f5580000, 0x00000000f5580000)
  object space 349696K, 99% used [0x00000000e0000000,0x00000000f557fae8,0x00000000f5580000)
 Metaspace       used 59579K, committed 60736K, reserved 1105920K
  class space    used 5892K, committed 6400K, reserved 1048576K
}
Event: 1718.004 GC heap before
{Heap before GC invocations=1175 (full 1084):
 PSYoungGen      total 53248K, used 34816K [0x00000000f5580000, 0x00000000f9b00000, 0x0000000100000000)
  eden space 34816K, 100% used [0x00000000f5580000,0x00000000f7780000,0x00000000f7780000)
  from space 18432K, 0% used [0x00000000f7780000,0x00000000f7780000,0x00000000f8980000)
  to   space 15360K, 0% used [0x00000000f8c00000,0x00000000f8c00000,0x00000000f9b00000)
 ParOldGen       total 349696K, used 349695K [0x00000000e0000000, 0x00000000f5580000, 0x00000000f5580000)
  object space 349696K, 99% used [0x00000000e0000000,0x00000000f557ffe0,0x00000000f5580000)
 Metaspace       used 59579K, committed 60736K, reserved 1105920K
  class space    used 5892K, committed 6400K, reserved 1048576K
}
Event: 1719.214 GC heap after
{Heap after GC invocations=1175 (full 1084):
 PSYoungGen      total 50176K, used 34815K [0x00000000f5580000, 0x00000000f9b00000, 0x0000000100000000)
  eden space 34816K, 99% used [0x00000000f5580000,0x00000000f777fff0,0x00000000f7780000)
  from space 15360K, 0% used [0x00000000f8c00000,0x00000000f8c00000,0x00000000f9b00000)
  to   space 18432K, 0% used [0x00000000f7780000,0x00000000f7780000,0x00000000f8980000)
 ParOldGen       total 349696K, used 349695K [0x00000000e0000000, 0x00000000f5580000, 0x00000000f5580000)
  object space 349696K, 99% used [0x00000000e0000000,0x00000000f557fd68,0x00000000f5580000)
 Metaspace       used 59579K, committed 60736K, reserved 1105920K
  class space    used 5892K, committed 6400K, reserved 1048576K
}
Event: 1719.214 GC heap before
{Heap before GC invocations=1176 (full 1085):
 PSYoungGen      total 50176K, used 34816K [0x00000000f5580000, 0x00000000f9b00000, 0x0000000100000000)
  eden space 34816K, 100% used [0x00000000f5580000,0x00000000f7780000,0x00000000f7780000)
  from space 15360K, 0% used [0x00000000f8c00000,0x00000000f8c00000,0x00000000f9b00000)
  to   space 18432K, 0% used [0x00000000f7780000,0x00000000f7780000,0x00000000f8980000)
 ParOldGen       total 349696K, used 349695K [0x00000000e0000000, 0x00000000f5580000, 0x00000000f5580000)
  object space 349696K, 99% used [0x00000000e0000000,0x00000000f557fff8,0x00000000f5580000)
 Metaspace       used 59579K, committed 60736K, reserved 1105920K
  class space    used 5892K, committed 6400K, reserved 1048576K
}
Event: 1720.490 GC heap after
{Heap after GC invocations=1176 (full 1085):
 PSYoungGen      total 53248K, used 34815K [0x00000000f5580000, 0x00000000f9b00000, 0x0000000100000000)
  eden space 34816K, 99% used [0x00000000f5580000,0x00000000f777ffa0,0x00000000f7780000)
  from space 18432K, 0% used [0x00000000f7780000,0x00000000f7780000,0x00000000f8980000)
  to   space 15360K, 0% used [0x00000000f8c00000,0x00000000f8c00000,0x00000000f9b00000)
 ParOldGen       total 349696K, used 349695K [0x00000000e0000000, 0x00000000f5580000, 0x00000000f5580000)
  object space 349696K, 99% used [0x00000000e0000000,0x00000000f557fe78,0x00000000f5580000)
 Metaspace       used 59579K, committed 60736K, reserved 1105920K
  class space    used 5892K, committed 6400K, reserved 1048576K
}
Event: 1720.490 GC heap before
{Heap before GC invocations=1177 (full 1086):
 PSYoungGen      total 53248K, used 34815K [0x00000000f5580000, 0x00000000f9b00000, 0x0000000100000000)
  eden space 34816K, 99% used [0x00000000f5580000,0x00000000f777fff8,0x00000000f7780000)
  from space 18432K, 0% used [0x00000000f7780000,0x00000000f7780000,0x00000000f8980000)
  to   space 15360K, 0% used [0x00000000f8c00000,0x00000000f8c00000,0x00000000f9b00000)
 ParOldGen       total 349696K, used 349695K [0x00000000e0000000, 0x00000000f5580000, 0x00000000f5580000)
  object space 349696K, 99% used [0x00000000e0000000,0x00000000f557fe78,0x00000000f5580000)
 Metaspace       used 59579K, committed 60736K, reserved 1105920K
  class space    used 5892K, committed 6400K, reserved 1048576K
}
Event: 1721.588 GC heap after
{Heap after GC invocations=1177 (full 1086):
 PSYoungGen      total 50176K, used 34815K [0x00000000f5580000, 0x00000000f9b00000, 0x0000000100000000)
  eden space 34816K, 99% used [0x00000000f5580000,0x00000000f777fff8,0x00000000f7780000)
  from space 15360K, 0% used [0x00000000f8c00000,0x00000000f8c00000,0x00000000f9b00000)
  to   space 18432K, 0% used [0x00000000f7780000,0x00000000f7780000,0x00000000f8980000)
 ParOldGen       total 349696K, used 349695K [0x00000000e0000000, 0x00000000f5580000, 0x00000000f5580000)
  object space 349696K, 99% used [0x00000000e0000000,0x00000000f557fe58,0x00000000f5580000)
 Metaspace       used 59579K, committed 60736K, reserved 1105920K
  class space    used 5892K, committed 6400K, reserved 1048576K
}
Event: 1721.589 GC heap before
{Heap before GC invocations=1178 (full 1087):
 PSYoungGen      total 50176K, used 34815K [0x00000000f5580000, 0x00000000f9b00000, 0x0000000100000000)
  eden space 34816K, 99% used [0x00000000f5580000,0x00000000f777fff8,0x00000000f7780000)
  from space 15360K, 0% used [0x00000000f8c00000,0x00000000f8c00000,0x00000000f9b00000)
  to   space 18432K, 0% used [0x00000000f7780000,0x00000000f7780000,0x00000000f8980000)
 ParOldGen       total 349696K, used 349695K [0x00000000e0000000, 0x00000000f5580000, 0x00000000f5580000)
  object space 349696K, 99% used [0x00000000e0000000,0x00000000f557fff0,0x00000000f5580000)
 Metaspace       used 59579K, committed 60736K, reserved 1105920K
  class space    used 5892K, committed 6400K, reserved 1048576K
}
Event: 1722.800 GC heap after
{Heap after GC invocations=1178 (full 1087):
 PSYoungGen      total 53248K, used 34815K [0x00000000f5580000, 0x00000000f9b00000, 0x0000000100000000)
  eden space 34816K, 99% used [0x00000000f5580000,0x00000000f777ffd8,0x00000000f7780000)
  from space 18432K, 0% used [0x00000000f7780000,0x00000000f7780000,0x00000000f8980000)
  to   space 15360K, 0% used [0x00000000f8c00000,0x00000000f8c00000,0x00000000f9b00000)
 ParOldGen       total 349696K, used 349695K [0x00000000e0000000, 0x00000000f5580000, 0x00000000f5580000)
  object space 349696K, 99% used [0x00000000e0000000,0x00000000f557fe88,0x00000000f5580000)
 Metaspace       used 59579K, committed 60736K, reserved 1105920K
  class space    used 5892K, committed 6400K, reserved 1048576K
}
Event: 1722.800 GC heap before
{Heap before GC invocations=1179 (full 1088):
 PSYoungGen      total 53248K, used 34815K [0x00000000f5580000, 0x00000000f9b00000, 0x0000000100000000)
  eden space 34816K, 99% used [0x00000000f5580000,0x00000000f777ffd8,0x00000000f7780000)
  from space 18432K, 0% used [0x00000000f7780000,0x00000000f7780000,0x00000000f8980000)
  to   space 15360K, 0% used [0x00000000f8c00000,0x00000000f8c00000,0x00000000f9b00000)
 ParOldGen       total 349696K, used 349695K [0x00000000e0000000, 0x00000000f5580000, 0x00000000f5580000)
  object space 349696K, 99% used [0x00000000e0000000,0x00000000f557fe88,0x00000000f5580000)
 Metaspace       used 59579K, committed 60736K, reserved 1105920K
  class space    used 5892K, committed 6400K, reserved 1048576K
}
Event: 1724.099 GC heap after
{Heap after GC invocations=1179 (full 1088):
 PSYoungGen      total 50176K, used 34815K [0x00000000f5580000, 0x00000000f9b00000, 0x0000000100000000)
  eden space 34816K, 99% used [0x00000000f5580000,0x00000000f777ffd8,0x00000000f7780000)
  from space 15360K, 0% used [0x00000000f8c00000,0x00000000f8c00000,0x00000000f9b00000)
  to   space 18432K, 0% used [0x00000000f7780000,0x00000000f7780000,0x00000000f8980000)
 ParOldGen       total 349696K, used 349695K [0x00000000e0000000, 0x00000000f5580000, 0x00000000f5580000)
  object space 349696K, 99% used [0x00000000e0000000,0x00000000f557fe88,0x00000000f5580000)
 Metaspace       used 59579K, committed 60736K, reserved 1105920K
  class space    used 5892K, committed 6400K, reserved 1048576K
}
Event: 1724.100 GC heap before
{Heap before GC invocations=1180 (full 1089):
 PSYoungGen      total 50176K, used 34815K [0x00000000f5580000, 0x00000000f9b00000, 0x0000000100000000)
  eden space 34816K, 99% used [0x00000000f5580000,0x00000000f777fff0,0x00000000f7780000)
  from space 15360K, 0% used [0x00000000f8c00000,0x00000000f8c00000,0x00000000f9b00000)
  to   space 18432K, 0% used [0x00000000f7780000,0x00000000f7780000,0x00000000f8980000)
 ParOldGen       total 349696K, used 349695K [0x00000000e0000000, 0x00000000f5580000, 0x00000000f5580000)
  object space 349696K, 99% used [0x00000000e0000000,0x00000000f557ffe8,0x00000000f5580000)
 Metaspace       used 59579K, committed 60736K, reserved 1105920K
  class space    used 5892K, committed 6400K, reserved 1048576K
}
Event: 1725.523 GC heap after
{Heap after GC invocations=1180 (full 1089):
 PSYoungGen      total 53248K, used 34815K [0x00000000f5580000, 0x00000000f9b00000, 0x0000000100000000)
  eden space 34816K, 99% used [0x00000000f5580000,0x00000000f777fff0,0x00000000f7780000)
  from space 18432K, 0% used [0x00000000f7780000,0x00000000f7780000,0x00000000f8980000)
  to   space 15360K, 0% used [0x00000000f8c00000,0x00000000f8c00000,0x00000000f9b00000)
 ParOldGen       total 349696K, used 349695K [0x00000000e0000000, 0x00000000f5580000, 0x00000000f5580000)
  object space 349696K, 99% used [0x00000000e0000000,0x00000000f557fcc0,0x00000000f5580000)
 Metaspace       used 59579K, committed 60736K, reserved 1105920K
  class space    used 5892K, committed 6400K, reserved 1048576K
}

